<?xml version="1.0" encoding="UTF-8"?>
<testsuites>
<testsuite timestamp="2026-05-15T14:35:12" hostname="DELL" package="cover" id="0" name="default" tests="20" errors="0" failures="0" time="0" skipped="15">
<properties>
<property name="os" value="Linux"/>
<property name="expect" value="PASS"/>
<property name="status" value="PASS"/>
</properties>
<testcase classname="default" name="build execution" time="0">
</testcase>
<testcase classname="default" name="Property COVER in axi4lite_slave at axi4lite_slave.sv:177.37-178.36" time="0" type="COVER" location="axi4lite_slave.sv:177.37-178.36" id="$cover$axi4lite_slave.sv:177$232" tracefile="engine_0/trace0.vcd">
</testcase>
<testcase classname="default" name="Property COVER in axi4lite_slave at axi4lite_slave.sv:182.37-183.36" time="0" type="COVER" location="axi4lite_slave.sv:182.37-183.36" id="$cover$axi4lite_slave.sv:182$233" tracefile="engine_0/trace0.vcd">
</testcase>
<testcase classname="default" name="Property COVER in axi4lite_slave at axi4lite_slave.sv:193.53-194.36" time="0" type="COVER" location="axi4lite_slave.sv:193.53-194.36" id="$cover$axi4lite_slave.sv:193$234" tracefile="engine_0/trace1.vcd">
</testcase>
<testcase classname="default" name="Property COVER in axi4lite_slave at axi4lite_slave.sv:205.37-206.38" time="0" type="COVER" location="axi4lite_slave.sv:205.37-206.38" id="$cover$axi4lite_slave.sv:205$235" tracefile="engine_0/trace2.vcd">
</testcase>
<testcase classname="default" name="Property COVER in axi4lite_slave at axi4lite_slave.sv:210.72-211.54" time="0" type="COVER" location="axi4lite_slave.sv:210.72-211.54" id="$cover$axi4lite_slave.sv:210$236" tracefile="engine_0/trace1.vcd">
</testcase>
<testcase classname="default" name="Property ASSERT in axi4lite_slave at axi4lite_slave.sv:142.49-142.64" time="0" type="ASSERT" location="axi4lite_slave.sv:142.49-142.64" id="$assert$axi4lite_slave.sv:142$217">
<skipped />
</testcase>
<testcase classname="default" name="Property ASSERT in axi4lite_slave at axi4lite_slave.sv:143.49-143.64" time="0" type="ASSERT" location="axi4lite_slave.sv:143.49-143.64" id="$assert$axi4lite_slave.sv:143$218">
<skipped />
</testcase>
<testcase classname="default" name="Property ASSERT in axi4lite_slave at axi4lite_slave.sv:146.24-146.47" time="0" type="ASSERT" location="axi4lite_slave.sv:146.24-146.47" id="$assert$axi4lite_slave.sv:146$219">
<skipped />
</testcase>
<testcase classname="default" name="Property ASSERT in axi4lite_slave at axi4lite_slave.sv:147.24-147.47" time="0" type="ASSERT" location="axi4lite_slave.sv:147.24-147.47" id="$assert$axi4lite_slave.sv:147$220">
<skipped />
</testcase>
<testcase classname="default" name="Property ASSERT in axi4lite_slave at axi4lite_slave.sv:150.59-151.46" time="0" type="ASSERT" location="axi4lite_slave.sv:150.59-151.46" id="$assert$axi4lite_slave.sv:150$221">
<skipped />
</testcase>
<testcase classname="default" name="Property ASSERT in axi4lite_slave at axi4lite_slave.sv:154.59-155.46" time="0" type="ASSERT" location="axi4lite_slave.sv:154.59-155.46" id="$assert$axi4lite_slave.sv:154$222">
<skipped />
</testcase>
<testcase classname="default" name="Property ASSERT in axi4lite_slave at axi4lite_slave.sv:158.25-158.53" time="0" type="ASSERT" location="axi4lite_slave.sv:158.25-158.53" id="$assert$axi4lite_slave.sv:158$223">
<skipped />
</testcase>
<testcase classname="default" name="Property ASSERT in axi4lite_slave at axi4lite_slave.sv:159.24-159.53" time="0" type="ASSERT" location="axi4lite_slave.sv:159.24-159.53" id="$assert$axi4lite_slave.sv:159$224">
<skipped />
</testcase>
<testcase classname="default" name="Property ASSERT in axi4lite_slave at axi4lite_slave.sv:160.24-160.53" time="0" type="ASSERT" location="axi4lite_slave.sv:160.24-160.53" id="$assert$axi4lite_slave.sv:160$225">
<skipped />
</testcase>
<testcase classname="default" name="Property ASSERT in axi4lite_slave at axi4lite_slave.sv:163.25-163.53" time="0" type="ASSERT" location="axi4lite_slave.sv:163.25-163.53" id="$assert$axi4lite_slave.sv:163$226">
<skipped />
</testcase>
<testcase classname="default" name="Property ASSERT in axi4lite_slave at axi4lite_slave.sv:164.24-164.53" time="0" type="ASSERT" location="axi4lite_slave.sv:164.24-164.53" id="$assert$axi4lite_slave.sv:164$227">
<skipped />
</testcase>
<testcase classname="default" name="Property ASSERT in axi4lite_slave at axi4lite_slave.sv:164.54-167.41" time="0" type="ASSERT" location="axi4lite_slave.sv:164.54-167.41" id="$assert$axi4lite_slave.sv:164$228">
<skipped />
</testcase>
<testcase classname="default" name="Property ASSERT in axi4lite_slave at axi4lite_slave.sv:167.42-168.41" time="0" type="ASSERT" location="axi4lite_slave.sv:167.42-168.41" id="$assert$axi4lite_slave.sv:167$229">
<skipped />
</testcase>
<testcase classname="default" name="Property ASSERT in axi4lite_slave at axi4lite_slave.sv:168.42-169.41" time="0" type="ASSERT" location="axi4lite_slave.sv:168.42-169.41" id="$assert$axi4lite_slave.sv:168$230">
<skipped />
</testcase>
<testcase classname="default" name="Property ASSERT in axi4lite_slave at axi4lite_slave.sv:169.42-172.41" time="0" type="ASSERT" location="axi4lite_slave.sv:169.42-172.41" id="$assert$axi4lite_slave.sv:169$231">
<skipped />
</testcase>
<system-out>SBY 14:35:12 [cover] Removing directory '/home/sushma/fv-projects/project3-axi4lite/cover'.
SBY 14:35:12 [cover] Copy '/home/sushma/fv-projects/project3-axi4lite/axi4lite_slave.sv' to '/home/sushma/fv-projects/project3-axi4lite/cover/src/axi4lite_slave.sv'.
SBY 14:35:12 [cover] engine_0: smtbmc z3
SBY 14:35:12 [cover] base: starting process &quot;cd cover/src; yosys -ql ../model/design.log ../model/design.ys&quot;
SBY 14:35:12 [cover] base: Warning: Replacing memory \regfile with list of registers. See axi4lite_slave.sv:54
SBY 14:35:12 [cover] base: finished (returncode=0)
SBY 14:35:12 [cover] prep: starting process &quot;cd cover/model; yosys -ql design_prep.log design_prep.ys&quot;
SBY 14:35:12 [cover] prep: finished (returncode=0)
SBY 14:35:12 [cover] smt2: starting process &quot;cd cover/model; yosys -ql design_smt2.log design_smt2.ys&quot;
SBY 14:35:12 [cover] smt2: finished (returncode=0)
SBY 14:35:12 [cover] engine_0: starting process &quot;cd cover; yosys-smtbmc -s z3 --presat -c --noprogress -t 30  --append 0 --dump-vcd engine_0/trace%.vcd --dump-yw engine_0/trace%.yw --dump-vlogtb engine_0/trace%_tb.v --dump-smtc engine_0/trace%.smtc model/design_smt2.smt2&quot;
SBY 14:35:12 [cover] engine_0: ##   0:00:00  Solver: z3
SBY 14:35:12 [cover] engine_0: ##   0:00:00  Checking cover reachability in step 0..
SBY 14:35:12 [cover] engine_0: ##   0:00:00  Checking cover reachability in step 1..
SBY 14:35:12 [cover] engine_0: ##   0:00:00  Checking cover reachability in step 2..
SBY 14:35:12 [cover] engine_0: ##   0:00:00  Checking cover reachability in step 3..
SBY 14:35:12 [cover] engine_0: ##   0:00:00  Checking cover reachability in step 4..
SBY 14:35:12 [cover] engine_0: ##   0:00:00  Checking cover reachability in step 5..
SBY 14:35:12 [cover] engine_0: ##   0:00:00  Reached cover statement at axi4lite_slave.sv:182.37-183.36 ($cover$axi4lite_slave.sv:182$233) in step 5.
SBY 14:35:12 [cover] engine_0: ##   0:00:00  Reached cover statement at axi4lite_slave.sv:177.37-178.36 ($cover$axi4lite_slave.sv:177$232) in step 5.
SBY 14:35:12 [cover] engine_0: ##   0:00:00  Writing trace to VCD file: engine_0/trace0.vcd
SBY 14:35:12 [cover] engine_0: ##   0:00:00  Writing trace to Verilog testbench: engine_0/trace0_tb.v
SBY 14:35:12 [cover] engine_0: ##   0:00:00  Writing trace to constraints file: engine_0/trace0.smtc
SBY 14:35:12 [cover] engine_0: ##   0:00:00  Writing trace to Yosys witness file: engine_0/trace0.yw
SBY 14:35:12 [cover] engine_0: ##   0:00:00  Checking cover reachability in step 5..
SBY 14:35:12 [cover] engine_0: ##   0:00:00  Checking cover reachability in step 6..
SBY 14:35:12 [cover] engine_0: ##   0:00:00  Reached cover statement at axi4lite_slave.sv:210.72-211.54 ($cover$axi4lite_slave.sv:210$236) in step 6.
SBY 14:35:12 [cover] engine_0: ##   0:00:00  Reached cover statement at axi4lite_slave.sv:193.53-194.36 ($cover$axi4lite_slave.sv:193$234) in step 6.
SBY 14:35:12 [cover] engine_0: ##   0:00:00  Writing trace to VCD file: engine_0/trace1.vcd
SBY 14:35:12 [cover] engine_0: ##   0:00:00  Writing trace to Verilog testbench: engine_0/trace1_tb.v
SBY 14:35:12 [cover] engine_0: ##   0:00:00  Writing trace to constraints file: engine_0/trace1.smtc
SBY 14:35:12 [cover] engine_0: ##   0:00:00  Writing trace to Yosys witness file: engine_0/trace1.yw
SBY 14:35:12 [cover] engine_0: ##   0:00:00  Checking cover reachability in step 6..
SBY 14:35:12 [cover] engine_0: ##   0:00:00  Checking cover reachability in step 7..
SBY 14:35:12 [cover] engine_0: ##   0:00:00  Checking cover reachability in step 8..
SBY 14:35:12 [cover] engine_0: ##   0:00:00  Checking cover reachability in step 9..
SBY 14:35:12 [cover] engine_0: ##   0:00:00  Checking cover reachability in step 10..
SBY 14:35:12 [cover] engine_0: ##   0:00:00  Reached cover statement at axi4lite_slave.sv:205.37-206.38 ($cover$axi4lite_slave.sv:205$235) in step 10.
SBY 14:35:12 [cover] engine_0: ##   0:00:00  Writing trace to VCD file: engine_0/trace2.vcd
SBY 14:35:12 [cover] engine_0: ##   0:00:00  Writing trace to Verilog testbench: engine_0/trace2_tb.v
SBY 14:35:12 [cover] engine_0: ##   0:00:00  Writing trace to constraints file: engine_0/trace2.smtc
SBY 14:35:12 [cover] engine_0: ##   0:00:00  Writing trace to Yosys witness file: engine_0/trace2.yw
SBY 14:35:12 [cover] engine_0: ##   0:00:00  Status: passed
SBY 14:35:12 [cover] engine_0: finished (returncode=0)
SBY 14:35:12 [cover] engine_0: Status returned by engine: pass
SBY 14:35:12 [cover] summary: Elapsed clock time [H:MM:SS (secs)]: 0:00:00 (0)
SBY 14:35:12 [cover] summary: Elapsed process time [H:MM:SS (secs)]: 0:00:00 (0)
SBY 14:35:12 [cover] summary: engine_0 (smtbmc z3) returned pass
SBY 14:35:12 [cover] summary: cover trace: cover/engine_0/trace0.vcd
SBY 14:35:12 [cover] summary:   reached cover statement axi4lite_slave.$cover$axi4lite_slave.sv:177$232 at axi4lite_slave.sv:177.37-178.36 in step 5
SBY 14:35:12 [cover] summary:   reached cover statement axi4lite_slave.$cover$axi4lite_slave.sv:182$233 at axi4lite_slave.sv:182.37-183.36 in step 5
SBY 14:35:12 [cover] summary: cover trace: cover/engine_0/trace1.vcd
SBY 14:35:12 [cover] summary:   reached cover statement axi4lite_slave.$cover$axi4lite_slave.sv:193$234 at axi4lite_slave.sv:193.53-194.36 in step 6
SBY 14:35:12 [cover] summary:   reached cover statement axi4lite_slave.$cover$axi4lite_slave.sv:210$236 at axi4lite_slave.sv:210.72-211.54 in step 6
SBY 14:35:12 [cover] summary: cover trace: cover/engine_0/trace2.vcd
SBY 14:35:12 [cover] summary:   reached cover statement axi4lite_slave.$cover$axi4lite_slave.sv:205$235 at axi4lite_slave.sv:205.37-206.38 in step 10
SBY 14:35:12 [cover] DONE (PASS, rc=0)
</system-out>
<system-err>
</system-err>
</testsuite>
</testsuites>
